0.399151 -4.02459 0.95 
0.399151 -4.02459 0.95 
0.399151 -4.02459 2.7 
0.399151 -4.02459 2.25 
0.399151 -4.02459 2.25 
0.399151 -4.02459 2.9 
0.399151 -4.02459 2.9 
0.399151 -4.02459 2.9 
0.399151 -4.02459 2.9 
0.399151 -4.02459 2.1 
-0.176373 -3.04053 2.1 
-0.176373 -3.04053 2.1 
-0.176373 -3.04053 1.6 
-0.176373 -3.04053 1.6 
-0.176373 -3.04053 1.85 
-0.176373 -3.04053 1.85 
-0.176373 -3.04053 1.5 
-0.176373 -3.04053 1.5 
-0.176373 -3.04053 1.95 
-0.176373 -3.04053 1.95 
-0.209689 -2.95693 1.95 
-0.209689 -2.95693 1.95 
-0.209689 -2.95693 1.95 
