-1.23389 2.77753 4.98319 
-1.23389 2.77753 4.98319 
-1.23389 2.77753 0.25 
-1.91213 2.60435 0.25 
-1.91213 2.60435 0.25 
-1.91213 2.60435 0.25 
-1.91213 2.60435 0.25 
-1.91213 2.60435 5.13319 
-1.67929 2.08407 5.13319 
-1.67929 2.08407 5.13319 
-1.67929 2.08407 6.18319 
-1.81859 2.09805 6.18319 
-1.81859 2.09805 6.18319 
-1.81859 2.09805 6.08319 
-1.81859 2.09805 6.08319 
-1.81859 2.09805 6.23319 
-1.81859 2.09805 6.23319 
-1.81859 2.09805 6.08319 
-1.81859 2.09805 6.08319 
-1.81859 2.09805 6.08319 
