0.323925 -7.02556 1.53319 
0.323925 -7.02556 1.53319 
0.323925 -7.02556 4.18319 
0.323925 -7.02556 4.18319 
0.323925 -7.02556 4.18319 
0.323925 -7.02556 4.18319 
0.323925 -7.02556 3.08319 
-0.694335 -6.96601 3.08319 
-0.694335 -6.96601 3.08319 
-0.694335 -6.96601 2.88319 
-0.955371 -6.89702 2.88319 
-0.955371 -6.89702 2.88319 
-0.839355 -6.92768 2.88319 
-0.839355 -6.92768 2.88319 
-0.839355 -6.92768 2.73319 
-0.839355 -6.92768 2.73319 
-0.839355 -6.92768 4.13319 
-0.9543 -7.10343 4.13319 
-0.9543 -7.10343 4.13319 
-0.9543 -7.10343 2.33319 
-0.9543 -7.10343 2.33319 
-0.9543 -7.10343 2.53319 
-0.9543 -7.10343 2.53319 
-0.9543 -7.10343 2.53319 
