-1.81859 2.09805 6.08319 
-1.81859 2.09805 6.08319 
-1.81859 2.09805 1.2 
-1.70989 2.37766 1.2 
-1.66625 2.55161 1.5 
-1.59409 3.56906 1.5 
-1.59409 3.56906 1.5 
-1.59409 3.56906 1.7 
-1.59409 3.56906 1.7 
-1.59409 3.56906 1.7 
-1.59409 3.56906 1.7 
-1.59409 3.56906 4.95 
-1.39637 2.75266 4.95 
-1.39637 2.75266 4.95 
-1.39637 2.75266 5.2 
-1.39637 2.75266 5.2 
-1.39637 2.75266 4.25 
-1.73094 2.08142 4.25 
-1.73094 2.08142 4.25 
-1.73094 2.08142 0.0168147 
-1.73094 2.08142 0.0168147 
-1.73094 2.08142 6.2 
-1.73094 2.08142 6.2 
-1.81066 2.08807 6.2 
-1.81066 2.08807 6.2 
-1.81066 2.08807 6.2 
