-0.148389 -3.10382 4.08319 
-0.148389 -3.10382 4.08319 
-0.148389 -3.10382 4.28319 
-0.148389 -3.10382 3.93319 
-0.148389 -3.10382 4.48319 
-0.148389 -3.10382 4.48319 
-0.148389 -3.10382 4.48319 
-0.148389 -3.10382 4.48319 
-0.325607 -3.86343 4.48319 
-0.325607 -3.86343 4.48319 
-0.325607 -3.86343 4.83319 
-0.307531 -4.01233 4.83319 
-0.308285 -4.19168 4.53319 
-0.308285 -4.19168 4.53319 
-0.34037 -4.36879 4.53319 
-0.34037 -4.36879 4.53319 
-0.34037 -4.36879 4.18319 
-0.34037 -4.36879 4.73319 
-0.34037 -4.36879 4.73319 
-0.34536 -4.12884 4.73319 
-0.34536 -4.12884 4.73319 
-0.34536 -4.12884 4.58319 
-0.34536 -4.12884 4.58319 
-0.34536 -4.12884 4.58319 
