0.301161 -6.86724 1.68319 
0.301161 -6.86724 1.68319 
0.301161 -6.86724 2.18319 
0.301161 -6.86724 2.18319 
0.301161 -6.86724 2.18319 
0.301161 -6.86724 2.18319 
0.163203 -6.67085 2.18319 
0.101872 -6.56792 1.98319 
-0.0424161 -6.2381 1.98319 
-0.0988578 -5.97637 1.53319 
-0.0988578 -5.97637 1.53319 
-0.0988578 -5.97637 1.78319 
-0.0988578 -5.97637 1.78319 
-0.117829 -5.88839 1.78319 
-0.117829 -5.88839 1.78319 
-0.117829 -5.88839 1.98319 
-0.117829 -5.88839 1.98319 
-0.141877 -5.83342 1.98319 
-0.141877 -5.83342 1.98319 
-0.141877 -5.83342 1.98319 
