5.2456 5.18539 1.51637 
5.2456 5.18539 1.51637 
5.25866 5.42503 1.51637 
5.25104 5.28524 1.51637 
5.25104 5.28524 1.51637 
5.25104 5.28524 1.51637 
5.25104 5.28524 1.51637 
5.25104 5.28524 5.59956 
5.25104 5.28524 5.59956 
5.41385 5.1526 5.59956 
5.79919 5.00816 0.0163706 
5.79919 5.00816 0.0163706 
5.79919 5.00816 6.09956 
5.79919 5.00816 6.09956 
5.79919 5.00816 6.24956 
5.79919 5.00816 6.24956 
5.79919 5.00816 0.116371 
5.79919 5.00816 0.116371 
5.79919 5.00816 6.24956 
5.79919 5.00816 6.24956 
5.79919 5.00816 6.24956 
