1.77542 1.92732 3.15 
1.77542 1.92732 3.15 
1.77542 1.92732 2.05 
1.62327 2.22015 2.05 
1.55571 2.41788 1.7 
1.15372 5.51187 1.7 
1.14935 5.66143 1.45 
1.14935 5.66143 1.45 
1.14935 5.66143 0.8 
1.42107 5.9412 0.8 
1.42107 5.9412 0.8 
1.42107 5.9412 0.8 
1.42107 5.9412 0.25 
1.97335 6.08222 0.25 
2.19056 6.18053 0.65 
2.19056 6.18053 0.65 
1.88805 5.95056 0.65 
1.88805 5.95056 0.65 
1.88805 5.95056 0.65 
1.88805 5.95056 0.65 
1.88805 5.95056 2.45 
1.88805 5.95056 2.45 
1.65698 6.14189 2.45 
1.65698 6.14189 2.45 
1.65698 6.14189 2.45 
