1.01503 2.78037 4.75 
1.01503 2.78037 4.75 
1.01503 2.78037 0.516815 
2.71036 3.74389 0.516815 
2.71036 3.74389 0.516815 
2.71036 3.74389 3.76681 
2.71036 3.74389 3.76681 
2.71036 3.74389 3.76681 
2.71036 3.74389 3.76681 
2.66171 3.70877 3.76681 
2.40247 3.16598 4.81681 
2.49002 2.33056 4.81681 
2.25824 1.77549 3.76681 
2.25824 1.77549 3.76681 
2.25824 1.77549 2.41681 
1.96626 2.03405 2.41681 
1.96626 2.03405 2.41681 
1.96626 2.03405 3.36681 
1.82005 2.00055 3.36681 
1.82005 2.00055 3.36681 
1.82005 2.00055 3.16681 
1.82005 2.00055 3.16681 
1.92002 2.00308 3.16681 
1.92002 2.00308 3.16681 
1.77007 1.99929 3.16681 
1.77007 1.99929 3.16681 
1.83005 2.00081 3.16681 
1.83005 2.00081 3.16681 
1.83005 2.00081 3.16681 
