1.83005 2.00081 3.16681 
1.83005 2.00081 3.16681 
1.83005 2.00081 0.866815 
1.83005 2.00081 0.316815 
2.31467 2.15969 0.316815 
2.43099 2.18838 0.116815 
2.93752 2.24782 0.116815 
2.93752 2.24782 0.116815 
2.93752 2.24782 1.51681 
2.93752 2.24782 1.51681 
2.93752 2.24782 1.51681 
2.93752 2.24782 1.51681 
2.93752 2.24782 4.26681 
2.84701 2.05833 4.26681 
2.84701 2.05833 4.26681 
2.84701 2.05833 3.26681 
2.01359 1.95341 3.26681 
2.01359 1.95341 3.26681 
2.01359 1.95341 3.01681 
2.01359 1.95341 3.01681 
1.83499 1.97582 3.01681 
1.83499 1.97582 3.01681 
1.83499 1.97582 3.26681 
1.83499 1.97582 3.26681 
1.83499 1.97582 3.16681 
1.83499 1.97582 3.16681 
1.83499 1.97582 3.16681 
