-1.60391 2.56497 3.53319 
-1.60391 2.56497 3.53319 
-1.77028 2.49627 3.53319 
-1.77028 2.49627 3.53319 
-1.77028 2.49627 4.18319 
-1.77028 2.49627 4.18319 
-1.77028 2.49627 1.83319 
-1.77028 2.49627 1.83319 
-1.72359 2.32244 1.83319 
-1.72359 2.32244 1.83319 
-1.72359 2.32244 1.58319 
-1.72359 2.32244 1.58319 
-1.72136 2.14245 1.58319 
-1.72136 2.14245 1.58319 
-1.72136 2.14245 1.58319 
-1.72136 2.14245 1.58319 
-1.72136 2.14245 5.91637 
-1.72136 2.14245 5.91637 
-1.72136 2.14245 6.16637 
-1.72136 2.14245 6.16637 
-1.84054 2.15644 6.16637 
-1.84054 2.15644 6.16637 
-1.69157 2.13895 6.16637 
-1.69157 2.13895 6.16637 
-1.75116 2.14595 6.16637 
-1.75116 2.14595 6.16637 
-1.75116 2.14595 6.16637 
